<?xml version="1.0" encoding="UTF-8"?>
<!-- Generated by org.testng.reporters.JUnitXMLReporter -->
<testsuite ignored="0" hostname="TTF-MLR-TRISHUL-SHETTY" failures="0" tests="2" name="Default test" time="19.158" errors="0" timestamp="2024-08-06T22:12:15 IST">
  <testcase classname="com.engqa.TDF.TestCases.TDF_MS_SQL_ConfugrationPage_Test" name="VerifytitleMSSQL" time="0.113"/>
  <testcase classname="com.engqa.TDF.TestCases.TDF_MS_SQL_ConfugrationPage_Test" name="FillMssqlData" time="10.275"/>
</testsuite> <!-- Default test -->
